<?xml version="1.0" encoding="UTF-8"?>
<!-- Generated by org.testng.reporters.JUnitXMLReporter -->
<testsuite hostname="kavin" ignored="0" name="BingTest" tests="1" failures="1" timestamp="16 Feb 2023 15:03:12 GMT" time="13.109" errors="0">
  <testcase name="verifyGooglePage" time="13.072" classname="a2_bingTest.A1_BingTest">
    <failure type="java.io.FileNotFoundException" message="C:\Batch251\J1_GitHubTest\screenshot.bing.png (The system cannot find the path specified)">
      <![CDATA[java.io.FileNotFoundException: C:\Batch251\J1_GitHubTest\screenshot.bing.png (The system cannot find the path specified)
at java.io.FileOutputStream.open0(Native Method)
at java.io.FileOutputStream.open(FileOutputStream.java:270)
at java.io.FileOutputStream.<init>(FileOutputStream.java:213)
at java.io.FileOutputStream.<init>(FileOutputStream.java:162)
at org.openqa.selenium.io.FileHandler.copyFile(FileHandler.java:136)
at org.openqa.selenium.io.FileHandler.copy(FileHandler.java:115)
at a2_bingTest.A1_BingTest.verifyGooglePage(A1_BingTest.java:28)
... Removed 25 stack frames]]>
    </failure>
  </testcase> <!-- verifyGooglePage -->
</testsuite> <!-- BingTest -->
